<?xml version="1.0" encoding="UTF-8"?>
<testsuite name="ParkingLotTestCases" tests="4" skipped="0" failures="0" errors="0" timestamp="2020-04-15T03:31:51" hostname="DESKTOP-7UGSU5P" time="0.015">
  <properties/>
  <testcase name="givenVehicle_WhenUnParked_ShouldReturnTrue" classname="ParkingLotTestCases" time="0.011"/>
  <testcase name="givenVehicle_WhenParked_ShouldReturnTrue" classname="ParkingLotTestCases" time="0.002"/>
  <testcase name="givenVehicle_WhenUnParkedWhichIsNotParked_ShouldReturnFalse" classname="ParkingLotTestCases" time="0.001"/>
  <testcase name="givenVehicle_WhenAlreadyParked_ShouldReturnFalse" classname="ParkingLotTestCases" time="0.0"/>
  <system-out><![CDATA[]]></system-out>
  <system-err><![CDATA[]]></system-err>
</testsuite>
