<?xml version="1.0" encoding="UTF-8"?>
<testsuite name="ParkingLotTestCases" tests="1" skipped="1" failures="0" errors="0" timestamp="2020-04-27T12:46:38" hostname="DESKTOP-7UGSU5P" time="25.804">
  <properties/>
  <testcase name="givenVehicle_WhenUnParkedAllVehicle_ShouldThrowException" classname="ParkingLotTestCases" time="25.804">
    <skipped/>
  </testcase>
  <system-out><![CDATA[]]></system-out>
  <system-err><![CDATA[]]></system-err>
</testsuite>
