<?xml version="1.0" encoding="UTF-8"?>
<testsuite name="ParkingLotTestCases" tests="5" skipped="0" failures="0" errors="0" timestamp="2020-04-17T07:16:44" hostname="DESKTOP-7UGSU5P" time="0.023">
  <properties/>
  <testcase name="givenVehicle_WhenUnParked_ShouldReturnTrue" classname="ParkingLotTestCases" time="0.005"/>
  <testcase name="givenVehicle_WhenAlreadyParked_ShouldInformAirportSecurity" classname="ParkingLotTestCases" time="0.003"/>
  <testcase name="givenVehicle_WhenParked_ShouldReturnTrue" classname="ParkingLotTestCases" time="0.0"/>
  <testcase name="givenVehicle_WhenAlreadyParked_ShouldInformOwner" classname="ParkingLotTestCases" time="0.0"/>
  <testcase name="givenVehicle_WhenUnParkedWhichIsNotParked_ShouldReturnFalse" classname="ParkingLotTestCases" time="0.001"/>
  <system-out><![CDATA[]]></system-out>
  <system-err><![CDATA[]]></system-err>
</testsuite>
