<?xml version="1.0" encoding="UTF-8"?>
<testsuite name="ParkingLotTestCases" tests="1" skipped="0" failures="0" errors="0" timestamp="2020-04-17T07:58:21" hostname="DESKTOP-7UGSU5P" time="0.003">
  <properties/>
  <testcase name="givenVehicle_WhenUnParkedWhichIsNotParked_ShouldReturnFalse" classname="ParkingLotTestCases" time="0.003"/>
  <system-out><![CDATA[]]></system-out>
  <system-err><![CDATA[]]></system-err>
</testsuite>
