<?xml version="1.0" encoding="UTF-8"?>
<testsuite name="ParkingLotTestCases" tests="4" skipped="0" failures="0" errors="0" timestamp="2020-04-15T13:19:21" hostname="DESKTOP-7UGSU5P" time="0.017">
  <properties/>
  <testcase name="givenVehicle_WhenUnParked_ShouldReturnTrue" classname="ParkingLotTestCases" time="0.004"/>
  <testcase name="givenVehicle_WhenParked_ShouldReturnTrue" classname="ParkingLotTestCases" time="0.003"/>
  <testcase name="givenVehicle_WhenUnParkedWhichIsNotParked_ShouldReturnFalse" classname="ParkingLotTestCases" time="0.001"/>
  <testcase name="givenVehicle_WhenAlreadyParked_ShouldReturnFalse" classname="ParkingLotTestCases" time="0.001"/>
  <system-out><![CDATA[]]></system-out>
  <system-err><![CDATA[]]></system-err>
</testsuite>
